-------------------------------------------------------------------------------
Test set: org.example.newTest
-------------------------------------------------------------------------------
Tests run: 1, Failures: 1, Errors: 0, Skipped: 0, Time elapsed: 0.001 s <<< FAILURE! - in org.example.newTest
testSubtraction  Time elapsed: 0.001 s  <<< FAILURE!
org.opentest4j.AssertionFailedError: expected: <2> but was: <8>
	at org.example.newTest.testSubtraction(newTest.java:11)

